<?xml version="1.0" encoding="UTF-8"?>
<!-- Generated by org.testng.reporters.JUnitXMLReporter -->
<testsuite ignored="0" hostname="DESKTOP-HLOD5N6" failures="1" tests="8" name="Cucumber Tests" time="37.739" errors="0" timestamp="2026-04-20T11:46:05 IST">
  <testcase classname="io.cucumber.testng.AbstractTestNGCucumberTests" name="runScenario" time="15.565">
    <failure type="java.lang.AssertionError" message="Login should be successful expected [true] but found [false]">
      <![CDATA[java.lang.AssertionError: Login should be successful expected [true] but found [false]
at bdd.stepdefinitions.LoginSteps.verify_login_result(LoginSteps.java:29)
at ✽.login result should be "SUCCESS"(file:///G:/Automation/sauce_demo_web/src/test/resources/features/login.feature:8)
... Removed 3 stack frames]]>
    </failure>
  </testcase> <!-- runScenario -->
  <testcase classname="io.cucumber.testng.AbstractTestNGCucumberTests" name="runScenario" time="2.707"/>
  <testcase classname="io.cucumber.testng.AbstractTestNGCucumberTests" name="runScenario" time="2.514"/>
  <testcase classname="io.cucumber.testng.AbstractTestNGCucumberTests" name="runScenario" time="2.543"/>
  <testcase classname="io.cucumber.testng.AbstractTestNGCucumberTests" name="runScenario" time="3.191"/>
  <testcase classname="io.cucumber.testng.AbstractTestNGCucumberTests" name="runScenario" time="2.526"/>
  <testcase classname="io.cucumber.testng.AbstractTestNGCucumberTests" name="runScenario" time="3.562"/>
  <testcase classname="io.cucumber.testng.AbstractTestNGCucumberTests" name="runScenario" time="4.417"/>
</testsuite> <!-- Cucumber Tests -->
