<?xml version="1.0" encoding="UTF-8"?>
<testng-results ignored="0" total="8" passed="7" failed="1" skipped="0">
  <reporter-output>
  </reporter-output>
  <suite started-at="2026-04-20T11:45:27 IST" name="BDD Suite" finished-at="2026-04-20T11:46:05 IST" duration-ms="37739">
    <groups>
      <group name="cucumber">
        <method signature="AbstractTestNGCucumberTests.runScenario(io.cucumber.testng.PickleWrapper,io.cucumber.testng.FeatureWrapper)[pri:0, instance:bdd.runner.LoginRunner@24269709]" name="runScenario" class="io.cucumber.testng.AbstractTestNGCucumberTests"/>
      </group> <!-- cucumber -->
    </groups>
    <test started-at="2026-04-20T11:45:27 IST" name="Cucumber Tests" finished-at="2026-04-20T11:46:05 IST" duration-ms="37739">
      <class name="bdd.runner.LoginRunner">
        <test-method is-config="true" signature="setUpClass(org.testng.ITestContext)[pri:0, instance:bdd.runner.LoginRunner@24269709]" started-at="2026-04-20T11:45:27 IST" name="setUpClass" finished-at="2026-04-20T11:45:28 IST" duration-ms="641" status="PASS">
          <params>
            <param index="0">
              <value>
                <![CDATA[org.testng.TestRunner@58326051]]>
              </value>
            </param>
          </params>
          <reporter-output>
          </reporter-output>
        </test-method> <!-- setUpClass -->
        <test-method signature="runScenario(io.cucumber.testng.PickleWrapper,io.cucumber.testng.FeatureWrapper)[pri:0, instance:bdd.runner.LoginRunner@24269709]" started-at="2026-04-20T11:45:28 IST" name="runScenario" description="Runs Cucumber Scenarios" data-provider="scenarios" finished-at="2026-04-20T11:45:43 IST" duration-ms="15565" status="FAIL">
          <params>
            <param index="0">
              <value>
                <![CDATA["Validate login scenarios"]]>
              </value>
            </param>
            <param index="1">
              <value>
                <![CDATA["Login Functionality"]]>
              </value>
            </param>
          </params>
          <exception class="java.lang.AssertionError">
            <message>
              <![CDATA[Login should be successful expected [true] but found [false]]]>
            </message>
            <full-stacktrace>
              <![CDATA[java.lang.AssertionError: Login should be successful expected [true] but found [false]
at org.testng.Assert.fail(Assert.java:111)
at org.testng.Assert.failNotEquals(Assert.java:1578)
at org.testng.Assert.assertTrue(Assert.java:57)
at bdd.stepdefinitions.LoginSteps.verify_login_result(LoginSteps.java:29)
at ✽.login result should be "SUCCESS"(file:///G:/Automation/sauce_demo_web/src/test/resources/features/login.feature:8)
]]>
            </full-stacktrace>
          </exception> <!-- java.lang.AssertionError -->
          <reporter-output>
          </reporter-output>
        </test-method> <!-- runScenario -->
        <test-method signature="runScenario(io.cucumber.testng.PickleWrapper,io.cucumber.testng.FeatureWrapper)[pri:0, instance:bdd.runner.LoginRunner@24269709]" started-at="2026-04-20T11:45:43 IST" name="runScenario" description="Runs Cucumber Scenarios" data-provider="scenarios" finished-at="2026-04-20T11:45:46 IST" duration-ms="2707" status="PASS">
          <params>
            <param index="0">
              <value>
                <![CDATA["Validate login scenarios"]]>
              </value>
            </param>
            <param index="1">
              <value>
                <![CDATA["Login Functionality"]]>
              </value>
            </param>
          </params>
          <reporter-output>
          </reporter-output>
        </test-method> <!-- runScenario -->
        <test-method signature="runScenario(io.cucumber.testng.PickleWrapper,io.cucumber.testng.FeatureWrapper)[pri:0, instance:bdd.runner.LoginRunner@24269709]" started-at="2026-04-20T11:45:46 IST" name="runScenario" description="Runs Cucumber Scenarios" data-provider="scenarios" finished-at="2026-04-20T11:45:48 IST" duration-ms="2514" status="PASS">
          <params>
            <param index="0">
              <value>
                <![CDATA["Validate login scenarios"]]>
              </value>
            </param>
            <param index="1">
              <value>
                <![CDATA["Login Functionality"]]>
              </value>
            </param>
          </params>
          <reporter-output>
          </reporter-output>
        </test-method> <!-- runScenario -->
        <test-method signature="runScenario(io.cucumber.testng.PickleWrapper,io.cucumber.testng.FeatureWrapper)[pri:0, instance:bdd.runner.LoginRunner@24269709]" started-at="2026-04-20T11:45:48 IST" name="runScenario" description="Runs Cucumber Scenarios" data-provider="scenarios" finished-at="2026-04-20T11:45:51 IST" duration-ms="2543" status="PASS">
          <params>
            <param index="0">
              <value>
                <![CDATA["Validate login scenarios"]]>
              </value>
            </param>
            <param index="1">
              <value>
                <![CDATA["Login Functionality"]]>
              </value>
            </param>
          </params>
          <reporter-output>
          </reporter-output>
        </test-method> <!-- runScenario -->
        <test-method signature="runScenario(io.cucumber.testng.PickleWrapper,io.cucumber.testng.FeatureWrapper)[pri:0, instance:bdd.runner.LoginRunner@24269709]" started-at="2026-04-20T11:45:51 IST" name="runScenario" description="Runs Cucumber Scenarios" data-provider="scenarios" finished-at="2026-04-20T11:45:54 IST" duration-ms="3191" status="PASS">
          <params>
            <param index="0">
              <value>
                <![CDATA["Validate login scenarios"]]>
              </value>
            </param>
            <param index="1">
              <value>
                <![CDATA["Login Functionality"]]>
              </value>
            </param>
          </params>
          <reporter-output>
          </reporter-output>
        </test-method> <!-- runScenario -->
        <test-method signature="runScenario(io.cucumber.testng.PickleWrapper,io.cucumber.testng.FeatureWrapper)[pri:0, instance:bdd.runner.LoginRunner@24269709]" started-at="2026-04-20T11:45:54 IST" name="runScenario" description="Runs Cucumber Scenarios" data-provider="scenarios" finished-at="2026-04-20T11:45:57 IST" duration-ms="2526" status="PASS">
          <params>
            <param index="0">
              <value>
                <![CDATA["Validate login scenarios"]]>
              </value>
            </param>
            <param index="1">
              <value>
                <![CDATA["Login Functionality"]]>
              </value>
            </param>
          </params>
          <reporter-output>
          </reporter-output>
        </test-method> <!-- runScenario -->
        <test-method signature="runScenario(io.cucumber.testng.PickleWrapper,io.cucumber.testng.FeatureWrapper)[pri:0, instance:bdd.runner.LoginRunner@24269709]" started-at="2026-04-20T11:45:57 IST" name="runScenario" description="Runs Cucumber Scenarios" data-provider="scenarios" finished-at="2026-04-20T11:46:00 IST" duration-ms="3562" status="PASS">
          <params>
            <param index="0">
              <value>
                <![CDATA["Validate login scenarios"]]>
              </value>
            </param>
            <param index="1">
              <value>
                <![CDATA["Login Functionality"]]>
              </value>
            </param>
          </params>
          <reporter-output>
          </reporter-output>
        </test-method> <!-- runScenario -->
        <test-method signature="runScenario(io.cucumber.testng.PickleWrapper,io.cucumber.testng.FeatureWrapper)[pri:0, instance:bdd.runner.LoginRunner@24269709]" started-at="2026-04-20T11:46:00 IST" name="runScenario" description="Runs Cucumber Scenarios" data-provider="scenarios" finished-at="2026-04-20T11:46:05 IST" duration-ms="4417" status="PASS">
          <params>
            <param index="0">
              <value>
                <![CDATA["Validate login scenarios"]]>
              </value>
            </param>
            <param index="1">
              <value>
                <![CDATA["Login Functionality"]]>
              </value>
            </param>
          </params>
          <reporter-output>
          </reporter-output>
        </test-method> <!-- runScenario -->
        <test-method is-config="true" signature="tearDownClass()[pri:0, instance:bdd.runner.LoginRunner@24269709]" started-at="2026-04-20T11:46:05 IST" name="tearDownClass" finished-at="2026-04-20T11:46:05 IST" duration-ms="14" status="PASS">
          <reporter-output>
          </reporter-output>
        </test-method> <!-- tearDownClass -->
        <test-method is-config="true" signature="tearDown()[pri:0, instance:bdd.runner.LoginRunner@24269709]" started-at="2026-04-20T11:46:05 IST" name="tearDown" finished-at="2026-04-20T11:46:05 IST" duration-ms="293" status="PASS">
          <reporter-output>
          </reporter-output>
        </test-method> <!-- tearDown -->
      </class> <!-- bdd.runner.LoginRunner -->
    </test> <!-- Cucumber Tests -->
  </suite> <!-- BDD Suite -->
</testng-results>
