<?xml version="1.0" encoding="UTF-8"?>
<testng-results ignored="0" total="1" passed="1" failed="0" skipped="0">
  <reporter-output>
  </reporter-output>
  <suite started-at="2026-03-25T17:28:15 IST" name="TDD Suite" finished-at="2026-03-25T17:28:16 IST" duration-ms="1036">
    <groups>
    </groups>
    <test started-at="2026-03-25T17:28:15 IST" name="TextBox Tests" finished-at="2026-03-25T17:28:16 IST" duration-ms="1036">
      <class name="tdd.LoginTest">
        <test-method is-config="true" signature="setUp()[pri:0, instance:tdd.LoginTest@ba2f4ec]" started-at="2026-03-25T17:27:59 IST" name="setUp" finished-at="2026-03-25T17:28:15 IST" duration-ms="15777" status="PASS">
          <reporter-output>
          </reporter-output>
        </test-method> <!-- setUp -->
        <test-method signature="verify_Login_With_Valid_Data()[pri:0, instance:tdd.LoginTest@ba2f4ec]" started-at="2026-03-25T17:28:15 IST" name="verify_Login_With_Valid_Data" finished-at="2026-03-25T17:28:16 IST" duration-ms="914" status="PASS">
          <reporter-output>
          </reporter-output>
        </test-method> <!-- verify_Login_With_Valid_Data -->
        <test-method is-config="true" signature="tearDown()[pri:0, instance:tdd.LoginTest@ba2f4ec]" started-at="2026-03-25T17:28:16 IST" name="tearDown" finished-at="2026-03-25T17:28:16 IST" duration-ms="339" status="PASS">
          <reporter-output>
          </reporter-output>
        </test-method> <!-- tearDown -->
      </class> <!-- tdd.LoginTest -->
    </test> <!-- TextBox Tests -->
  </suite> <!-- TDD Suite -->
</testng-results>
