<?xml version="1.0" encoding="UTF-8"?>
<!-- Generated by org.testng.reporters.JUnitReportReporter -->
<testsuite hostname="DESKTOP-HLOD5N6" failures="0" tests="6" name="tdd.InventoryTest" time="21.947" errors="0" timestamp="2026-04-20T11:30:43 IST" skipped="0">
  <testcase classname="tdd.InventoryTest" name="verifyUserLandsOnInventoryPage" time="2.621"/>
  <testcase classname="tdd.InventoryTest" name="verifyInventoryTitle" time="4.155"/>
  <testcase classname="tdd.InventoryTest" name="verifyProductListLoaded" time="2.993"/>
  <testcase classname="tdd.InventoryTest" name="verifyProductCountGreaterThanZero" time="3.215"/>
  <testcase classname="tdd.InventoryTest" name="verifyProductComponentConsistency" time="6.084"/>
  <testcase classname="tdd.InventoryTest" name="verifyExpectedProductCount" time="2.879"/>
</testsuite> <!-- tdd.InventoryTest -->
