<?xml version="1.0" encoding="UTF-8"?>
<!-- Generated by org.testng.reporters.JUnitReportReporter -->
<testsuite hostname="DESKTOP-HLOD5N6" failures="0" tests="15" name="bdd.runner.TestRunner" time="521.361" errors="0" timestamp="2026-04-10T17:30:10 IST" skipped="0">
  <testcase classname="bdd.runner.TestRunner" name="runScenario" time="44.170"/>
  <testcase classname="bdd.runner.TestRunner" name="runScenario" time="15.955"/>
  <testcase classname="bdd.runner.TestRunner" name="runScenario" time="45.548"/>
  <testcase classname="bdd.runner.TestRunner" name="runScenario" time="20.316"/>
  <testcase classname="bdd.runner.TestRunner" name="runScenario" time="40.153"/>
  <testcase classname="bdd.runner.TestRunner" name="runScenario" time="40.684"/>
  <testcase classname="bdd.runner.TestRunner" name="runScenario" time="43.227"/>
  <testcase classname="bdd.runner.TestRunner" name="runScenario" time="18.828"/>
  <testcase classname="bdd.runner.TestRunner" name="runScenario" time="40.384"/>
  <testcase classname="bdd.runner.TestRunner" name="runScenario" time="16.223"/>
  <testcase classname="bdd.runner.TestRunner" name="runScenario" time="43.935"/>
  <testcase classname="bdd.runner.TestRunner" name="runScenario" time="42.958"/>
  <testcase classname="bdd.runner.TestRunner" name="runScenario" time="45.705"/>
  <testcase classname="bdd.runner.TestRunner" name="runScenario" time="44.654"/>
  <testcase classname="bdd.runner.TestRunner" name="runScenario" time="18.621"/>
</testsuite> <!-- bdd.runner.TestRunner -->
