<?xml version="1.0" encoding="UTF-8"?>
<!-- Generated by org.testng.reporters.JUnitReportReporter -->
<testsuite hostname="DESKTOP-HLOD5N6" failures="1" tests="8" name="bdd.runner.LoginRunner" time="37.025" errors="0" timestamp="2026-04-20T11:46:05 IST" skipped="0">
  <testcase classname="bdd.runner.LoginRunner" name="runScenario" time="3.191"/>
  <testcase classname="bdd.runner.LoginRunner" name="runScenario" time="3.562"/>
  <testcase classname="bdd.runner.LoginRunner" name="runScenario" time="4.417"/>
  <testcase classname="bdd.runner.LoginRunner" name="runScenario" time="2.514"/>
  <testcase classname="bdd.runner.LoginRunner" name="runScenario" time="15.565">
    <failure message="Login should be successful expected [true] but found [false]" type="java.lang.AssertionError">
      <![CDATA[java.lang.AssertionError: Login should be successful expected [true] but found [false]
at org.testng.Assert.fail(Assert.java:111)
at org.testng.Assert.failNotEquals(Assert.java:1578)
at org.testng.Assert.assertTrue(Assert.java:57)
at bdd.stepdefinitions.LoginSteps.verify_login_result(LoginSteps.java:29)
at ✽.login result should be "SUCCESS"(file:///G:/Automation/sauce_demo_web/src/test/resources/features/login.feature:8)
]]>
    </failure>
  </testcase> <!-- runScenario -->
  <testcase classname="bdd.runner.LoginRunner" name="runScenario" time="2.526"/>
  <testcase classname="bdd.runner.LoginRunner" name="runScenario" time="2.707"/>
  <testcase classname="bdd.runner.LoginRunner" name="runScenario" time="2.543"/>
</testsuite> <!-- bdd.runner.LoginRunner -->
