<?xml version="1.0" encoding="UTF-8"?>
<!-- Generated by org.testng.reporters.JUnitReportReporter -->
<testsuite hostname="DESKTOP-HLOD5N6" failures="0" tests="8" name="tdd.LoginTest" time="38.330" errors="0" timestamp="2026-04-09T19:43:33 IST" skipped="0">
  <testcase classname="tdd.LoginTest" name="verify_Login_Functionality" time="12.242"/>
  <testcase classname="tdd.LoginTest" name="verify_Login_Functionality" time="4.023"/>
  <testcase classname="tdd.LoginTest" name="verify_Login_Functionality" time="3.541"/>
  <testcase classname="tdd.LoginTest" name="verify_Login_Functionality" time="3.895"/>
  <testcase classname="tdd.LoginTest" name="verify_Login_Functionality" time="4.322"/>
  <testcase classname="tdd.LoginTest" name="verify_Login_Functionality" time="2.740"/>
  <testcase classname="tdd.LoginTest" name="verify_Login_Functionality" time="4.021"/>
  <testcase classname="tdd.LoginTest" name="verify_Login_Functionality" time="3.546"/>
</testsuite> <!-- tdd.LoginTest -->
