<?xml version="1.0" encoding="UTF-8"?>
<!-- Generated by org.testng.reporters.JUnitReportReporter -->
<testsuite hostname="DESKTOP-HLOD5N6" failures="0" tests="6" name="tdd.InventoryTest" time="48.062" errors="0" timestamp="2026-04-10T23:32:12 IST" skipped="0">
  <testcase classname="tdd.InventoryTest" name="verifyUserLandsOnInventoryPage" time="7.138"/>
  <testcase classname="tdd.InventoryTest" name="verifyInventoryTitle" time="19.663"/>
  <testcase classname="tdd.InventoryTest" name="verifyProductListLoaded" time="5.092"/>
  <testcase classname="tdd.InventoryTest" name="verifyProductCountGreaterThanZero" time="6.425"/>
  <testcase classname="tdd.InventoryTest" name="verifyProductComponentConsistency" time="5.523"/>
  <testcase classname="tdd.InventoryTest" name="verifyExpectedProductCount" time="4.221"/>
</testsuite> <!-- tdd.InventoryTest -->
