<?xml version="1.0" encoding="UTF-8"?>
<!-- Generated by org.testng.reporters.JUnitReportReporter -->
<testsuite hostname="DESKTOP-HLOD5N6" failures="1" tests="9" name="tdd.LoginTest" time="45.285" errors="0" timestamp="2026-04-20T11:32:31 IST" skipped="1">
  <testcase classname="tdd.LoginTest" name="verify_Login_Functionality" time="3.637"/>
  <testcase classname="tdd.LoginTest" name="verify_Login_Functionality" time="2.962"/>
  <testcase classname="tdd.LoginTest" name="verify_Login_Functionality" time="2.527"/>
  <testcase classname="tdd.LoginTest" name="verify_Login_Functionality" time="13.400">
    <failure message="Expected user to land on inventory page for TC_ID: TC_LOGIN_001 expected [true] but found [false]" type="java.lang.AssertionError">
      <![CDATA[java.lang.AssertionError: Expected user to land on inventory page for TC_ID: TC_LOGIN_001 expected [true] but found [false]
at org.testng.Assert.fail(Assert.java:111)
at org.testng.Assert.failNotEquals(Assert.java:1578)
at org.testng.Assert.assertTrue(Assert.java:57)
at tdd.LoginTest.verify_Login_Functionality(LoginTest.java:38)
at java.base/jdk.internal.reflect.NativeMethodAccessorImpl.invoke0(Native Method)
at java.base/jdk.internal.reflect.NativeMethodAccessorImpl.invoke(NativeMethodAccessorImpl.java:77)
at java.base/jdk.internal.reflect.DelegatingMethodAccessorImpl.invoke(DelegatingMethodAccessorImpl.java:43)
at java.base/java.lang.reflect.Method.invoke(Method.java:568)
at org.testng.internal.invokers.MethodInvocationHelper.invokeMethod(MethodInvocationHelper.java:141)
at org.testng.internal.invokers.TestInvoker.invokeMethod(TestInvoker.java:686)
at org.testng.internal.invokers.TestInvoker.retryFailed(TestInvoker.java:269)
at org.testng.internal.invokers.MethodRunner.runInSequence(MethodRunner.java:76)
at org.testng.internal.invokers.TestInvoker$MethodInvocationAgent.invoke(TestInvoker.java:992)
at org.testng.internal.invokers.TestInvoker.invokeTestMethods(TestInvoker.java:203)
at org.testng.internal.invokers.TestMethodWorker.invokeTestMethods(TestMethodWorker.java:154)
at org.testng.internal.invokers.TestMethodWorker.run(TestMethodWorker.java:134)
at java.base/java.util.ArrayList.forEach(ArrayList.java:1511)
at org.testng.TestRunner.privateRun(TestRunner.java:739)
at org.testng.TestRunner.run(TestRunner.java:614)
at org.testng.SuiteRunner.runTest(SuiteRunner.java:421)
at org.testng.SuiteRunner$SuiteWorker.run(SuiteRunner.java:463)
at org.testng.internal.thread.ThreadUtil.lambda$execute$0(ThreadUtil.java:64)
at java.base/java.util.concurrent.FutureTask.run(FutureTask.java:264)
at java.base/java.util.concurrent.ThreadPoolExecutor.runWorker(ThreadPoolExecutor.java:1136)
at java.base/java.util.concurrent.ThreadPoolExecutor$Worker.run(ThreadPoolExecutor.java:635)
at java.base/java.lang.Thread.run(Thread.java:842)
]]>
    </failure>
  </testcase> <!-- verify_Login_Functionality -->
  <testcase classname="tdd.LoginTest" name="verify_Login_Functionality" time="2.537"/>
  <testcase classname="tdd.LoginTest" name="verify_Login_Functionality" time="1.976"/>
  <testcase classname="tdd.LoginTest" name="verify_Login_Functionality" time="2.435"/>
  <testcase classname="tdd.LoginTest" name="verify_Login_Functionality" time="2.668"/>
  <testcase classname="tdd.LoginTest" name="verify_Login_Functionality" time="13.143">
    <skipped/>
  </testcase> <!-- verify_Login_Functionality -->
</testsuite> <!-- tdd.LoginTest -->
