<?xml version="1.0" encoding="UTF-8"?>
<!-- Generated by org.testng.reporters.JUnitReportReporter -->
<testsuite hostname="DESKTOP-HLOD5N6" failures="0" tests="7" name="bdd.runner.InventoryRunner" time="37.140" errors="0" timestamp="2026-04-10T23:47:15 IST" skipped="0">
  <testcase classname="bdd.runner.InventoryRunner" name="runScenario" time="4.764"/>
  <testcase classname="bdd.runner.InventoryRunner" name="runScenario" time="4.904"/>
  <testcase classname="bdd.runner.InventoryRunner" name="runScenario" time="4.039"/>
  <testcase classname="bdd.runner.InventoryRunner" name="runScenario" time="5.984"/>
  <testcase classname="bdd.runner.InventoryRunner" name="runScenario" time="4.046"/>
  <testcase classname="bdd.runner.InventoryRunner" name="runScenario" time="8.866"/>
  <testcase classname="bdd.runner.InventoryRunner" name="runScenario" time="4.537"/>
</testsuite> <!-- bdd.runner.InventoryRunner -->
