<?xml version="1.0" encoding="UTF-8"?>
<!-- Generated by org.testng.reporters.JUnitXMLReporter -->
<testsuite ignored="0" hostname="DESKTOP-HLOD5N6" failures="0" tests="6" name="TDD Tests" time="48.166" errors="0" timestamp="2026-04-10T23:32:12 IST">
  <testcase classname="tdd.InventoryTest" name="verifyUserLandsOnInventoryPage" time="0.073"/>
  <testcase classname="tdd.InventoryTest" name="verifyInventoryTitle" time="0.452"/>
  <testcase classname="tdd.InventoryTest" name="verifyProductListLoaded" time="0.139"/>
  <testcase classname="tdd.InventoryTest" name="verifyProductCountGreaterThanZero" time="0.245"/>
  <testcase classname="tdd.InventoryTest" name="verifyProductComponentConsistency" time="0.721"/>
  <testcase classname="tdd.InventoryTest" name="verifyExpectedProductCount" time="0.146"/>
</testsuite> <!-- TDD Tests -->
