<?xml version="1.0" encoding="UTF-8"?>
<!-- Generated by org.testng.reporters.JUnitXMLReporter -->
<testsuite ignored="0" hostname="DESKTOP-HLOD5N6" failures="1" tests="9" name="TDD Tests" time="47.181" errors="0" timestamp="2026-04-20T11:32:31 IST">
  <testcase classname="tdd.LoginTest" name="verify_Login_Functionality" time="10.908">
    <skipped/>
  </testcase> <!-- verify_Login_Functionality -->
  <testcase classname="tdd.LoginTest" name="verify_Login_Functionality" time="11.244">
    <failure type="java.lang.AssertionError" message="Expected user to land on inventory page for TC_ID: TC_LOGIN_001 expected [true] but found [false]">
      <![CDATA[java.lang.AssertionError: Expected user to land on inventory page for TC_ID: TC_LOGIN_001 expected [true] but found [false]
at tdd.LoginTest.verify_Login_Functionality(LoginTest.java:38)
at java.base/java.util.ArrayList.forEach(ArrayList.java:1511)
at java.base/java.util.concurrent.FutureTask.run(FutureTask.java:264)
at java.base/java.util.concurrent.ThreadPoolExecutor.runWorker(ThreadPoolExecutor.java:1136)
at java.base/java.util.concurrent.ThreadPoolExecutor$Worker.run(ThreadPoolExecutor.java:635)
at java.base/java.lang.Thread.run(Thread.java:842)
... Removed 20 stack frames]]>
    </failure>
  </testcase> <!-- verify_Login_Functionality -->
  <testcase classname="tdd.LoginTest" name="verify_Login_Functionality" time="0.651"/>
  <testcase classname="tdd.LoginTest" name="verify_Login_Functionality" time="0.515"/>
  <testcase classname="tdd.LoginTest" name="verify_Login_Functionality" time="0.691"/>
  <testcase classname="tdd.LoginTest" name="verify_Login_Functionality" time="0.64"/>
  <testcase classname="tdd.LoginTest" name="verify_Login_Functionality" time="0.553"/>
  <testcase classname="tdd.LoginTest" name="verify_Login_Functionality" time="0.446"/>
  <testcase classname="tdd.LoginTest" name="verify_Login_Functionality" time="0.598"/>
</testsuite> <!-- TDD Tests -->
