<?xml version="1.0" encoding="UTF-8"?>
<!-- Generated by org.testng.reporters.JUnitXMLReporter -->
<testsuite ignored="0" hostname="DESKTOP-HLOD5N6" failures="0" tests="6" name="TextBox Tests" time="47.209" errors="0" timestamp="2026-04-10T17:23:18 IST">
  <testcase classname="tdd.InventoryTest" name="verifyUserLandsOnInventoryPage" time="0.074"/>
  <testcase classname="tdd.InventoryTest" name="verifyInventoryTitle" time="0.141"/>
  <testcase classname="tdd.InventoryTest" name="verifyProductListLoaded" time="0.186"/>
  <testcase classname="tdd.InventoryTest" name="verifyProductCountGreaterThanZero" time="0.141"/>
  <testcase classname="tdd.InventoryTest" name="verifyProductComponentConsistency" time="0.694"/>
  <testcase classname="tdd.InventoryTest" name="verifyExpectedProductCount" time="0.134"/>
</testsuite> <!-- TextBox Tests -->
